<?xml version="1.0" encoding="UTF-8"?>
<testng-results ignored="0" total="1" passed="1" failed="0" skipped="0">
  <reporter-output>
  </reporter-output>
  <suite started-at="2024-02-06T15:54:28 IST" name="Suite" finished-at="2024-02-06T15:54:35 IST" duration-ms="6754">
    <groups>
    </groups>
    <test started-at="2024-02-06T15:54:28 IST" name="Test" finished-at="2024-02-06T15:54:35 IST" duration-ms="6754">
      <class name="launchBrowser.firstTest">
        <test-method signature="f()[pri:0, instance:launchBrowser.firstTest@759d26fb]" started-at="2024-02-06T15:54:28 IST" name="f" finished-at="2024-02-06T15:54:35 IST" duration-ms="6694" status="PASS">
          <reporter-output>
          </reporter-output>
        </test-method> <!-- f -->
      </class> <!-- launchBrowser.firstTest -->
    </test> <!-- Test -->
  </suite> <!-- Suite -->
</testng-results>
