<?xml version="1.0" encoding="UTF-8"?>
<testng-results ignored="0" total="1" passed="1" failed="0" skipped="0">
  <reporter-output>
  </reporter-output>
  <suite started-at="2024-02-05T19:50:15 IST" name="Suite" finished-at="2024-02-05T19:50:21 IST" duration-ms="5365">
    <groups>
    </groups>
    <test started-at="2024-02-05T19:50:15 IST" name="Test" finished-at="2024-02-05T19:50:21 IST" duration-ms="5365">
      <class name="launchBrowser.firstTest">
        <test-method signature="f(java.lang.String,java.lang.String)[pri:0, instance:launchBrowser.firstTest@7c24b813]" started-at="2024-02-05T19:50:15 IST" name="f" finished-at="2024-02-05T19:50:21 IST" duration-ms="5331" status="PASS">
          <params>
            <param index="0">
              <value>
                <![CDATA[Windows]]>
              </value>
            </param>
            <param index="1">
              <value>
                <![CDATA[chrome]]>
              </value>
            </param>
          </params>
          <reporter-output>
          </reporter-output>
        </test-method> <!-- f -->
      </class> <!-- launchBrowser.firstTest -->
    </test> <!-- Test -->
  </suite> <!-- Suite -->
</testng-results>
